Using pre-set license
Built from '2020.3/china_unity/release' branch; Version is '2020.3.4f1c1 (3d27070cb163) revision 4007687'; Using compiler version '192528614'; Build Type 'Release'
OS: 'Windows 10 Pro; OS build 18363.418; Version 1909; 64bit' Language: 'zh' Physical Memory: 32686 MB
BatchMode: 1, IsHumanControllingUs: 0, StartBugReporterOnCrash: 0, Is64bit: 1, IsPro: 0

 COMMAND LINE ARGUMENTS:
D:\Unity\Unity Hub\2020.3.4f1c1\Editor\Unity.exe
-adb2
-batchMode
-noUpm
-name
AssetImportWorker0
-projectPath
D:/Github projects/Unity Texture Debbuger
-logFile
Logs/AssetImportWorker0.log
-srvPort
62636
Successfully changed project path to: D:/Github projects/Unity Texture Debbuger
D:/Github projects/Unity Texture Debbuger
Using Asset Import Pipeline V2.
Refreshing native plugins compatible for Editor in 66.78 ms, found 0 plugins.
Preloading 0 native plugins for Editor in 0.00 ms.
Initialize engine version: 2020.3.4f1c1 (3d27070cb163)
[Subsystems] Discovering subsystems at path D:/Unity/Unity Hub/2020.3.4f1c1/Editor/Data/Resources/UnitySubsystems
[Subsystems] Discovering subsystems at path D:/Github projects/Unity Texture Debbuger/Assets
GfxDevice: creating device client; threaded=0
Direct3D:
    Version:  Direct3D 11.0 [level 11.1]
    Renderer: NVIDIA GeForce GTX 1080 (ID=0x1b80)
    Vendor:   
    VRAM:     8079 MB
    Driver:   26.21.14.4587
Initialize mono
Mono path[0] = 'D:/Unity/Unity Hub/2020.3.4f1c1/Editor/Data/Managed'
Mono path[1] = 'D:/Unity/Unity Hub/2020.3.4f1c1/Editor/Data/MonoBleedingEdge/lib/mono/unityjit'
Mono config path = 'D:/Unity/Unity Hub/2020.3.4f1c1/Editor/Data/MonoBleedingEdge/etc'
Using monoOptions --debugger-agent=transport=dt_socket,embedding=1,server=y,suspend=n,address=127.0.0.1:56772
Begin MonoManager ReloadAssembly
Registering precompiled unity dll's ...
Register platform support module: D:/Unity/Unity Hub/2020.3.4f1c1/Editor/Data/PlaybackEngines/WindowsStandaloneSupport/UnityEditor.WindowsStandalone.Extensions.dll
Registered in 0.000873 seconds.
Native extension for WindowsStandalone target not found
Refreshing native plugins compatible for Editor in 64.80 ms, found 0 plugins.
Preloading 0 native plugins for Editor in 0.00 ms.
Mono: successfully reloaded assembly
- Completed reload, in  0.816 seconds
Platform modules already initialized, skipping
Registering precompiled user dll's ...
Registered in 0.001916 seconds.
Begin MonoManager ReloadAssembly
Native extension for WindowsStandalone target not found
Refreshing native plugins compatible for Editor in 192.28 ms, found 0 plugins.
Preloading 0 native plugins for Editor in 0.00 ms.
Mono: successfully reloaded assembly
- Completed reload, in  3.071 seconds
Platform modules already initialized, skipping
========================================================================
Worker process is ready to serve import requests
Launched and connected shader compiler UnityShaderCompiler.exe after 0.15 seconds
Refreshing native plugins compatible for Editor in 2.35 ms, found 0 plugins.
Preloading 0 native plugins for Editor in 0.00 ms.
Unloading 3494 Unused Serialized files (Serialized files now loaded: 0)
System memory in use before: 171.4 MB.
System memory in use after: 171.6 MB.

Unloading 11 unused Assets to reduce memory usage. Loaded Objects now: 3953.
Total: 2601.132200 ms (FindLiveObjects: 649.068700 ms CreateObjectMapping: 36.781900 ms MarkObjects: 1914.299200 ms  DeleteObjects: 0.975800 ms)

========================================================================
Received Import Request.
  path: Assets/HDRPDefaultResources/DefaultVFXResources.asset
  artifactKey: Guid(145290c901d58b343bdeb3b4362c9ff2) Importer(815301076,1909f56bfc062723c751e8b465ee728b)
Start importing Assets/HDRPDefaultResources/DefaultVFXResources.asset using Guid(145290c901d58b343bdeb3b4362c9ff2) Importer(815301076,1909f56bfc062723c751e8b465ee728b)  -> (artifact id: 'f79ae78dcaf23fdd8743e8bf57c90b11') in 0.327305 seconds
  Import took 0.353995 seconds .

========================================================================
Received Import Request.
  Time since last request: 0.000734 seconds.
  path: Assets/HDRPDefaultResources/DefaultHDRISky.exr
  artifactKey: Guid(54a3a0570aebe8949bec4966f1376581) Importer(815301076,1909f56bfc062723c751e8b465ee728b)
Start importing Assets/HDRPDefaultResources/DefaultHDRISky.exr using Guid(54a3a0570aebe8949bec4966f1376581) Importer(815301076,1909f56bfc062723c751e8b465ee728b)  -> (artifact id: '24e5b9a787d733f035a84ac513e9101d') in 0.192168 seconds
  Import took 0.212413 seconds .

========================================================================
Received Import Request.
  Time since last request: 0.031107 seconds.
  path: Assets/SampleSceneAssets/TutorialInfo/Scripts
  artifactKey: Guid(5a9bcd70e6a4b4b05badaa72e827d8e0) Importer(815301076,1909f56bfc062723c751e8b465ee728b)
Start importing Assets/SampleSceneAssets/TutorialInfo/Scripts using Guid(5a9bcd70e6a4b4b05badaa72e827d8e0) Importer(815301076,1909f56bfc062723c751e8b465ee728b)  -> (artifact id: '92bf76cec175bb117307785e760031e1') in 0.015263 seconds
  Import took 0.036687 seconds .

========================================================================
Received Import Request.
  Time since last request: 0.000596 seconds.
  path: Assets/HDRPDefaultResources/DefaultHDRPAsset.asset
  artifactKey: Guid(e93c35b24eb03c74284e7dc0b755bfcc) Importer(815301076,1909f56bfc062723c751e8b465ee728b)
Start importing Assets/HDRPDefaultResources/DefaultHDRPAsset.asset using Guid(e93c35b24eb03c74284e7dc0b755bfcc) Importer(815301076,1909f56bfc062723c751e8b465ee728b)  -> (artifact id: 'ffeb33c426f5f8309aa932e167323dfc') in 0.017014 seconds
  Import took 0.036100 seconds .

========================================================================
Received Import Request.
  Time since last request: 0.001014 seconds.
  path: Assets/HDRPDefaultResources/DefaultSceneRoot.prefab
  artifactKey: Guid(2bfa7b9d63fa79e4abdc033f54a868d2) Importer(815301076,1909f56bfc062723c751e8b465ee728b)
Start importing Assets/HDRPDefaultResources/DefaultSceneRoot.prefab using Guid(2bfa7b9d63fa79e4abdc033f54a868d2) Importer(815301076,1909f56bfc062723c751e8b465ee728b)  -> (artifact id: 'd091860741fb8ebfcd3ec9adf2bcf327') in 0.120204 seconds
  Import took 0.148670 seconds .

========================================================================
Received Import Request.
  Time since last request: 0.000539 seconds.
  path: Assets/SampleSceneAssets/TutorialInfo/Readme.asset
  artifactKey: Guid(83c2ed844a8c74b779a4c823d16594b1) Importer(815301076,1909f56bfc062723c751e8b465ee728b)
Start importing Assets/SampleSceneAssets/TutorialInfo/Readme.asset using Guid(83c2ed844a8c74b779a4c823d16594b1) Importer(815301076,1909f56bfc062723c751e8b465ee728b)  -> (artifact id: '2fc22eb5b207fa9b564e22cc1115df5b') in 0.021148 seconds
  Import took 0.042991 seconds .

========================================================================
Received Import Request.
  Time since last request: 39.098883 seconds.
  path: Assets/SampleSceneAssets/Animations/CinematicsTimeline.playable
  artifactKey: Guid(5a54d61bc58f43341aa47f398b54ed14) Importer(815301076,1909f56bfc062723c751e8b465ee728b)
Start importing Assets/SampleSceneAssets/Animations/CinematicsTimeline.playable using Guid(5a54d61bc58f43341aa47f398b54ed14) Importer(815301076,1909f56bfc062723c751e8b465ee728b)  -> (artifact id: '18c3aa9de34c4e4e9e35a78003bf5cb9') in 0.063126 seconds
  Import took 0.081355 seconds .

========================================================================
Received Import Request.
  Time since last request: 0.000425 seconds.
  path: Assets/SampleSceneAssets/Animations/ScreenshotsTimeline.playable
  artifactKey: Guid(a68e4ad89ad65c04981239cc0044a707) Importer(815301076,1909f56bfc062723c751e8b465ee728b)
Start importing Assets/SampleSceneAssets/Animations/ScreenshotsTimeline.playable using Guid(a68e4ad89ad65c04981239cc0044a707) Importer(815301076,1909f56bfc062723c751e8b465ee728b)  -> (artifact id: '3e4d715cd608b9c06771d50f18a3393e') in 0.026996 seconds
  Import took 0.044292 seconds .

========================================================================
Received Import Request.
  Time since last request: 4.135050 seconds.
  path: Assets/SampleSceneAssets/Meshes/Lighting
  artifactKey: Guid(06482489dca952449b678ec982f85654) Importer(815301076,1909f56bfc062723c751e8b465ee728b)
Start importing Assets/SampleSceneAssets/Meshes/Lighting using Guid(06482489dca952449b678ec982f85654) Importer(815301076,1909f56bfc062723c751e8b465ee728b)  -> (artifact id: '38b0c8534ac1fc4faa1eb88710901b36') in 0.011926 seconds
  Import took 0.029731 seconds .

========================================================================
Received Import Request.
  Time since last request: 0.127250 seconds.
  path: Assets/SampleSceneAssets/Meshes/Lighting/ShadowProxy_01.fbx
  artifactKey: Guid(0b169a69f4f407145aa55021891e64fa) Importer(815301076,1909f56bfc062723c751e8b465ee728b)
Start importing Assets/SampleSceneAssets/Meshes/Lighting/ShadowProxy_01.fbx using Guid(0b169a69f4f407145aa55021891e64fa) Importer(815301076,1909f56bfc062723c751e8b465ee728b) Launched and connected shader compiler UnityShaderCompiler.exe after 0.34 seconds
Launched and connected shader compiler UnityShaderCompiler.exe after 0.29 seconds
Launched and connected shader compiler UnityShaderCompiler.exe after 0.26 seconds
Launched and connected shader compiler UnityShaderCompiler.exe after 0.20 seconds
Launched and connected shader compiler UnityShaderCompiler.exe after 0.34 seconds
 -> (artifact id: '7f1db1148a9cf35463b0a21cef001ce2') in 20.349500 seconds
  Import took 20.366411 seconds .

========================================================================
Received Import Request.
  Time since last request: 0.000458 seconds.
  path: Assets/SampleSceneAssets/Particles/FallingLeaves.vfx
  artifactKey: Guid(bf2740e433dd7c74790d9025218fb541) Importer(815301076,1909f56bfc062723c751e8b465ee728b)
Start importing Assets/SampleSceneAssets/Particles/FallingLeaves.vfx using Guid(bf2740e433dd7c74790d9025218fb541) Importer(815301076,1909f56bfc062723c751e8b465ee728b)  -> (artifact id: 'd757f89641c2aed59e7b88db67dde42f') in 0.014790 seconds
  Import took 0.028110 seconds .

========================================================================
Received Import Request.
  Time since last request: 0.000409 seconds.
  path: Assets/SampleSceneAssets/Settings/HDRPMediumQuality.asset
  artifactKey: Guid(3e2e6bfc59709614ab90c0cd7d755e48) Importer(815301076,1909f56bfc062723c751e8b465ee728b)
Start importing Assets/SampleSceneAssets/Settings/HDRPMediumQuality.asset using Guid(3e2e6bfc59709614ab90c0cd7d755e48) Importer(815301076,1909f56bfc062723c751e8b465ee728b)  -> (artifact id: 'e5fbde714e0ddf7b79c492a8e6d52371') in 0.008725 seconds
  Import took 0.026267 seconds .

========================================================================
Received Import Request.
  Time since last request: 0.000380 seconds.
  path: Assets/SampleSceneAssets/Scripts/PlayerControllerFPS.prefab
  artifactKey: Guid(573ac53c334415945bf239de2c2f0511) Importer(815301076,1909f56bfc062723c751e8b465ee728b)
Start importing Assets/SampleSceneAssets/Scripts/PlayerControllerFPS.prefab using Guid(573ac53c334415945bf239de2c2f0511) Importer(815301076,1909f56bfc062723c751e8b465ee728b)  -> (artifact id: '38acfde0a277cd5773d676ef64420a3c') in 0.014051 seconds
  Import took 0.027086 seconds .

========================================================================
Received Import Request.
  Time since last request: 0.000605 seconds.
  path: Assets/SampleSceneAssets/Particles/FloatingDust.vfx
  artifactKey: Guid(49807342fca141243b63eda5ee636c9d) Importer(815301076,1909f56bfc062723c751e8b465ee728b)
Start importing Assets/SampleSceneAssets/Particles/FloatingDust.vfx using Guid(49807342fca141243b63eda5ee636c9d) Importer(815301076,1909f56bfc062723c751e8b465ee728b)  -> (artifact id: '1c0ee846a790b8c232295baa464c896d') in 0.014073 seconds
  Import took 0.027501 seconds .

========================================================================
Received Import Request.
  Time since last request: 0.000569 seconds.
  path: Assets/SampleSceneAssets/Particles/ButterFlies.vfx
  artifactKey: Guid(3ccc63e203e655541916b8baf4eba847) Importer(815301076,1909f56bfc062723c751e8b465ee728b)
Start importing Assets/SampleSceneAssets/Particles/ButterFlies.vfx using Guid(3ccc63e203e655541916b8baf4eba847) Importer(815301076,1909f56bfc062723c751e8b465ee728b)  -> (artifact id: 'a6be60f22c8bd6da7f52cb19af0033e2') in 0.012735 seconds
  Import took 0.029654 seconds .

========================================================================
Received Import Request.
  Time since last request: 0.000920 seconds.
  path: Assets/SampleSceneAssets/Settings/HDRPLowQuality.asset
  artifactKey: Guid(168a2336534e4e043b2a210b6f8d379a) Importer(815301076,1909f56bfc062723c751e8b465ee728b)
Start importing Assets/SampleSceneAssets/Settings/HDRPLowQuality.asset using Guid(168a2336534e4e043b2a210b6f8d379a) Importer(815301076,1909f56bfc062723c751e8b465ee728b)  -> (artifact id: '23c25394d9851df64d24e038b0956907') in 0.014449 seconds
  Import took 0.031739 seconds .

========================================================================
Received Import Request.
  Time since last request: 0.011482 seconds.
  path: Assets/SampleSceneAssets/Settings/HDRPHighQuality.asset
  artifactKey: Guid(36dd385e759c96147b6463dcd1149c11) Importer(815301076,1909f56bfc062723c751e8b465ee728b)
Start importing Assets/SampleSceneAssets/Settings/HDRPHighQuality.asset using Guid(36dd385e759c96147b6463dcd1149c11) Importer(815301076,1909f56bfc062723c751e8b465ee728b)  -> (artifact id: '44a8506843af618fbe22fbb5a277ffd4') in 0.012609 seconds
  Import took 0.030620 seconds .

========================================================================
Received Prepare
Registering precompiled user dll's ...
Registered in 0.003273 seconds.
Begin MonoManager ReloadAssembly
Native extension for WindowsStandalone target not found
Refreshing native plugins compatible for Editor in 3.23 ms, found 0 plugins.
Preloading 0 native plugins for Editor in 0.00 ms.
Mono: successfully reloaded assembly
- Completed reload, in  2.915 seconds
Platform modules already initialized, skipping
Refreshing native plugins compatible for Editor in 2.44 ms, found 0 plugins.
Preloading 0 native plugins for Editor in 0.00 ms.
Unloading 3224 Unused Serialized files (Serialized files now loaded: 0)
System memory in use before: 168.2 MB.
System memory in use after: 168.5 MB.

Unloading 12 unused Assets to reduce memory usage. Loaded Objects now: 4115.
Total: 15.775500 ms (FindLiveObjects: 3.809300 ms CreateObjectMapping: 1.018000 ms MarkObjects: 9.235000 ms  DeleteObjects: 1.707300 ms)

========================================================================
Received Import Request.
  Time since last request: 65.220747 seconds.
  path: Assets/SampleSceneAssets/Textures/DensityVolumeTextures/3d_fractal_noise_sample01.tga
  artifactKey: Guid(836429d92e1b49443b7743362fdeb1fe) Importer(815301076,1909f56bfc062723c751e8b465ee728b)
Start importing Assets/SampleSceneAssets/Textures/DensityVolumeTextures/3d_fractal_noise_sample01.tga using Guid(836429d92e1b49443b7743362fdeb1fe) Importer(815301076,1909f56bfc062723c751e8b465ee728b)  -> (artifact id: '8d5de277dc4d52621c0c3119953efbf0') in 0.137325 seconds
  Import took 0.154667 seconds .

========================================================================
Received Import Request.
  Time since last request: 0.014911 seconds.
  path: Assets/SampleSceneAssets/Textures/DensityVolumeTextures/3d_fractal_noise_sample01.tga
  artifactKey: Guid(836429d92e1b49443b7743362fdeb1fe) Importer(815301076,1909f56bfc062723c751e8b465ee728b)
Start importing Assets/SampleSceneAssets/Textures/DensityVolumeTextures/3d_fractal_noise_sample01.tga using Guid(836429d92e1b49443b7743362fdeb1fe) Importer(815301076,1909f56bfc062723c751e8b465ee728b)  -> (artifact id: '8d5de277dc4d52621c0c3119953efbf0') in 0.017633 seconds
  Import took 0.030121 seconds .

========================================================================
Received Import Request.
  Time since last request: 1.136501 seconds.
  path: Assets/SampleSceneAssets/Textures/General/Bamboo_A_Albedo.png
  artifactKey: Guid(d0988f211eac8ca4d84dd1290ce650de) Importer(815301076,1909f56bfc062723c751e8b465ee728b)
Start importing Assets/SampleSceneAssets/Textures/General/Bamboo_A_Albedo.png using Guid(d0988f211eac8ca4d84dd1290ce650de) Importer(815301076,1909f56bfc062723c751e8b465ee728b)  -> (artifact id: 'f4392b23193f30b3eda5d137d9bb8ca8') in 0.038581 seconds
  Import took 0.054795 seconds .

========================================================================
Received Import Request.
  Time since last request: 0.000474 seconds.
  path: Assets/SampleSceneAssets/Textures/General/WoodCounter_Albedo.png
  artifactKey: Guid(8bd5849ed8ed1634d988797456486876) Importer(815301076,1909f56bfc062723c751e8b465ee728b)
Start importing Assets/SampleSceneAssets/Textures/General/WoodCounter_Albedo.png using Guid(8bd5849ed8ed1634d988797456486876) Importer(815301076,1909f56bfc062723c751e8b465ee728b)  -> (artifact id: '3955371a56419b52887f17c11fdfcdfc') in 0.027135 seconds
  Import took 0.043463 seconds .

========================================================================
Received Import Request.
  Time since last request: 0.000422 seconds.
  path: Assets/SampleSceneAssets/Textures/General/Bamboo_A_BNM.png
  artifactKey: Guid(f6341afdbd8d916429f1fb266c729b58) Importer(815301076,1909f56bfc062723c751e8b465ee728b)
Start importing Assets/SampleSceneAssets/Textures/General/Bamboo_A_BNM.png using Guid(f6341afdbd8d916429f1fb266c729b58) Importer(815301076,1909f56bfc062723c751e8b465ee728b)  -> (artifact id: '5c9afc5713bedff49e12c462397a558b') in 0.029966 seconds
  Import took 0.044691 seconds .

========================================================================
Received Import Request.
  Time since last request: 0.000607 seconds.
  path: Assets/SampleSceneAssets/Textures/General/Bamboo_A_MaskMap.png
  artifactKey: Guid(0081f8fb9bc44a0448c0276d234cd68d) Importer(815301076,1909f56bfc062723c751e8b465ee728b)
Start importing Assets/SampleSceneAssets/Textures/General/Bamboo_A_MaskMap.png using Guid(0081f8fb9bc44a0448c0276d234cd68d) Importer(815301076,1909f56bfc062723c751e8b465ee728b)  -> (artifact id: '9fecb4095bf7d5f6cfc8946b555cda4a') in 0.026477 seconds
  Import took 0.042597 seconds .

========================================================================
Received Import Request.
  Time since last request: 0.000381 seconds.
  path: Assets/SampleSceneAssets/Textures/General/ConcreteTaupe_02_Albedo.png
  artifactKey: Guid(5b5f09d31f567674ea32972d86836528) Importer(815301076,1909f56bfc062723c751e8b465ee728b)
Start importing Assets/SampleSceneAssets/Textures/General/ConcreteTaupe_02_Albedo.png using Guid(5b5f09d31f567674ea32972d86836528) Importer(815301076,1909f56bfc062723c751e8b465ee728b)  -> (artifact id: '485d1abdbf901552eed589c22f7238f1') in 0.018816 seconds
  Import took 0.034312 seconds .

========================================================================
Received Import Request.
  Time since last request: 0.000474 seconds.
  path: Assets/SampleSceneAssets/Textures/General/Brass_Albedo.png
  artifactKey: Guid(3287de45d937b34418b4eb16c1a27c8b) Importer(815301076,1909f56bfc062723c751e8b465ee728b)
Start importing Assets/SampleSceneAssets/Textures/General/Brass_Albedo.png using Guid(3287de45d937b34418b4eb16c1a27c8b) Importer(815301076,1909f56bfc062723c751e8b465ee728b)  -> (artifact id: '4867773da2d733bcb5cf055aacb0311f') in 0.019638 seconds
  Import took 0.033793 seconds .

========================================================================
Received Import Request.
  Time since last request: 0.000477 seconds.
  path: Assets/SampleSceneAssets/Textures/General/ConcreteHoles_MAODS.png
  artifactKey: Guid(3c37174c3fa9e7646b00e37ea0871adc) Importer(815301076,1909f56bfc062723c751e8b465ee728b)
Start importing Assets/SampleSceneAssets/Textures/General/ConcreteHoles_MAODS.png using Guid(3c37174c3fa9e7646b00e37ea0871adc) Importer(815301076,1909f56bfc062723c751e8b465ee728b)  -> (artifact id: 'b3fae1e3e1d72d4091587241e6e8378c') in 0.019803 seconds
  Import took 0.033640 seconds .

========================================================================
Received Import Request.
  Time since last request: 0.000436 seconds.
  path: Assets/SampleSceneAssets/Textures/General/ConcretePolished_Albedo.png
  artifactKey: Guid(1f625b5dff84a4b4fa20cebcb4146d3a) Importer(815301076,1909f56bfc062723c751e8b465ee728b)
Start importing Assets/SampleSceneAssets/Textures/General/ConcretePolished_Albedo.png using Guid(1f625b5dff84a4b4fa20cebcb4146d3a) Importer(815301076,1909f56bfc062723c751e8b465ee728b)  -> (artifact id: 'b91686bd4cf664ae7d4d79915a999856') in 0.019301 seconds
  Import took 0.034279 seconds .

========================================================================
Received Import Request.
  Time since last request: 0.000371 seconds.
  path: Assets/SampleSceneAssets/Textures/General/Ground_Normal.png
  artifactKey: Guid(e244b2d408d890041b34921c157b70eb) Importer(815301076,1909f56bfc062723c751e8b465ee728b)
Start importing Assets/SampleSceneAssets/Textures/General/Ground_Normal.png using Guid(e244b2d408d890041b34921c157b70eb) Importer(815301076,1909f56bfc062723c751e8b465ee728b)  -> (artifact id: '4dda7678a7df371df113f9bf7d1e17fc') in 0.022614 seconds
  Import took 0.036910 seconds .

========================================================================
Received Import Request.
  Time since last request: 0.000344 seconds.
  path: Assets/SampleSceneAssets/Textures/General/DecalWear_Albedo.tga
  artifactKey: Guid(e9dd965cb04f8e54aa0c437400128b03) Importer(815301076,1909f56bfc062723c751e8b465ee728b)
Start importing Assets/SampleSceneAssets/Textures/General/DecalWear_Albedo.tga using Guid(e9dd965cb04f8e54aa0c437400128b03) Importer(815301076,1909f56bfc062723c751e8b465ee728b)  -> (artifact id: 'da4447a91aa9d147878144d12932325e') in 0.020754 seconds
  Import took 0.035076 seconds .

========================================================================
Received Import Request.
  Time since last request: 0.000446 seconds.
  path: Assets/SampleSceneAssets/Textures/General/WoodLight_Normal.png
  artifactKey: Guid(96c8cb799a1a9db49ac4ced89b731203) Importer(815301076,1909f56bfc062723c751e8b465ee728b)
Start importing Assets/SampleSceneAssets/Textures/General/WoodLight_Normal.png using Guid(96c8cb799a1a9db49ac4ced89b731203) Importer(815301076,1909f56bfc062723c751e8b465ee728b)  -> (artifact id: 'bc96586a31b3f05ec0aef11f7438ab37') in 0.024923 seconds
  Import took 0.045123 seconds .

========================================================================
Received Import Request.
  Time since last request: 0.000364 seconds.
  path: Assets/SampleSceneAssets/Textures/General/DecalSheet_01A_BC.png
  artifactKey: Guid(989cdd44d30f8c940ab150bdccfd5beb) Importer(815301076,1909f56bfc062723c751e8b465ee728b)
Start importing Assets/SampleSceneAssets/Textures/General/DecalSheet_01A_BC.png using Guid(989cdd44d30f8c940ab150bdccfd5beb) Importer(815301076,1909f56bfc062723c751e8b465ee728b)  -> (artifact id: 'bc001b7c09b703a93f4abf2dfb342d48') in 0.020737 seconds
  Import took 0.035521 seconds .

========================================================================
Received Import Request.
  Time since last request: 0.000414 seconds.
  path: Assets/SampleSceneAssets/Textures/General/WoodCounter_Normal.png
  artifactKey: Guid(99e593ed56a446441b8541d817103e72) Importer(815301076,1909f56bfc062723c751e8b465ee728b)
Start importing Assets/SampleSceneAssets/Textures/General/WoodCounter_Normal.png using Guid(99e593ed56a446441b8541d817103e72) Importer(815301076,1909f56bfc062723c751e8b465ee728b)  -> (artifact id: '4b7cb2936312c75ab665216e209a9a58') in 0.020052 seconds
  Import took 0.033210 seconds .

========================================================================
Received Import Request.
  Time since last request: 0.001032 seconds.
  path: Assets/SampleSceneAssets/Textures/General/ConcreteRough_DetailMap.png
  artifactKey: Guid(ca33ff158a9699d4dacba15d141de285) Importer(815301076,1909f56bfc062723c751e8b465ee728b)
Start importing Assets/SampleSceneAssets/Textures/General/ConcreteRough_DetailMap.png using Guid(ca33ff158a9699d4dacba15d141de285) Importer(815301076,1909f56bfc062723c751e8b465ee728b)  -> (artifact id: '66f45aa44d6701ee650a806052f21580') in 0.022928 seconds
  Import took 0.035298 seconds .

========================================================================
Received Import Request.
  Time since last request: 0.000398 seconds.
  path: Assets/SampleSceneAssets/Textures/General/Rock_A_MaskMap.png
  artifactKey: Guid(baca794092305174e9d24bc5dd89d24d) Importer(815301076,1909f56bfc062723c751e8b465ee728b)
Start importing Assets/SampleSceneAssets/Textures/General/Rock_A_MaskMap.png using Guid(baca794092305174e9d24bc5dd89d24d) Importer(815301076,1909f56bfc062723c751e8b465ee728b)  -> (artifact id: '5059a02f1fbaf3a8be12b220f63a08df') in 0.024053 seconds
  Import took 0.039688 seconds .

========================================================================
Received Import Request.
  Time since last request: 0.000294 seconds.
  path: Assets/SampleSceneAssets/Textures/General/ConcreteSmooth_MAODS.png
  artifactKey: Guid(0a02ce20803245d45819e67107a84381) Importer(815301076,1909f56bfc062723c751e8b465ee728b)
Start importing Assets/SampleSceneAssets/Textures/General/ConcreteSmooth_MAODS.png using Guid(0a02ce20803245d45819e67107a84381) Importer(815301076,1909f56bfc062723c751e8b465ee728b)  -> (artifact id: 'c21f5d962866615af4248855354fb0ca') in 0.019629 seconds
  Import took 0.033850 seconds .

========================================================================
Received Import Request.
  Time since last request: 0.000456 seconds.
  path: Assets/SampleSceneAssets/Textures/General/Brass_MAODS.png
  artifactKey: Guid(3008d6bc83d360041817752724fa2f4e) Importer(815301076,1909f56bfc062723c751e8b465ee728b)
Start importing Assets/SampleSceneAssets/Textures/General/Brass_MAODS.png using Guid(3008d6bc83d360041817752724fa2f4e) Importer(815301076,1909f56bfc062723c751e8b465ee728b)  -> (artifact id: '933df7dd1af3c0d3c946b1947303f4cd') in 0.022490 seconds
  Import took 0.036290 seconds .

========================================================================
Received Import Request.
  Time since last request: 0.000688 seconds.
  path: Assets/SampleSceneAssets/Textures/General/MarbleFloor_MAODS.png
  artifactKey: Guid(a0ea9d15b87d52246b305917ad26afa1) Importer(815301076,1909f56bfc062723c751e8b465ee728b)
Start importing Assets/SampleSceneAssets/Textures/General/MarbleFloor_MAODS.png using Guid(a0ea9d15b87d52246b305917ad26afa1) Importer(815301076,1909f56bfc062723c751e8b465ee728b)  -> (artifact id: 'f9a800c431e6f11a60047749caae3737') in 0.020083 seconds
  Import took 0.034426 seconds .

========================================================================
Received Import Request.
  Time since last request: 0.000505 seconds.
  path: Assets/SampleSceneAssets/Textures/General/ConcretePolished_MAODS.png
  artifactKey: Guid(5462461448baad44ebff238191c85a2d) Importer(815301076,1909f56bfc062723c751e8b465ee728b)
Start importing Assets/SampleSceneAssets/Textures/General/ConcretePolished_MAODS.png using Guid(5462461448baad44ebff238191c85a2d) Importer(815301076,1909f56bfc062723c751e8b465ee728b)  -> (artifact id: 'b74bfcb663a3fcb60b209492f31e81c2') in 0.016758 seconds
  Import took 0.032544 seconds .

========================================================================
Received Import Request.
  Time since last request: 0.000399 seconds.
  path: Assets/SampleSceneAssets/Textures/General/Fabric_MAODS.png
  artifactKey: Guid(500a00ffd0d96724eba029d2f61b5708) Importer(815301076,1909f56bfc062723c751e8b465ee728b)
Start importing Assets/SampleSceneAssets/Textures/General/Fabric_MAODS.png using Guid(500a00ffd0d96724eba029d2f61b5708) Importer(815301076,1909f56bfc062723c751e8b465ee728b)  -> (artifact id: '87a44be744a67eb5999ecf42f2b4d829') in 0.016213 seconds
  Import took 0.030528 seconds .

========================================================================
Received Import Request.
  Time since last request: 0.000585 seconds.
  path: Assets/SampleSceneAssets/Textures/General/ConcreteTaupe_02_Normal.png
  artifactKey: Guid(a576bd1917d2ab840962608924503cfb) Importer(815301076,1909f56bfc062723c751e8b465ee728b)
Start importing Assets/SampleSceneAssets/Textures/General/ConcreteTaupe_02_Normal.png using Guid(a576bd1917d2ab840962608924503cfb) Importer(815301076,1909f56bfc062723c751e8b465ee728b)  -> (artifact id: '544b16b36def2ed0f2de1f1048ddb916') in 0.020990 seconds
  Import took 0.033132 seconds .

========================================================================
Received Import Request.
  Time since last request: 0.000357 seconds.
  path: Assets/SampleSceneAssets/Textures/General/MarbleFloor_Normal.png
  artifactKey: Guid(ce933628a0d8b1e44bcecaed849d39d6) Importer(815301076,1909f56bfc062723c751e8b465ee728b)
Start importing Assets/SampleSceneAssets/Textures/General/MarbleFloor_Normal.png using Guid(ce933628a0d8b1e44bcecaed849d39d6) Importer(815301076,1909f56bfc062723c751e8b465ee728b)  -> (artifact id: '54e6e070e18121bf756c2de97936da26') in 0.017628 seconds
  Import took 0.031822 seconds .

========================================================================
Received Import Request.
  Time since last request: 0.000441 seconds.
  path: Assets/SampleSceneAssets/Textures/General/ConcreteRough_MAODS.png
  artifactKey: Guid(d2a4e8cbaf150bd4da04ea6b4f5ca2a5) Importer(815301076,1909f56bfc062723c751e8b465ee728b)
Start importing Assets/SampleSceneAssets/Textures/General/ConcreteRough_MAODS.png using Guid(d2a4e8cbaf150bd4da04ea6b4f5ca2a5) Importer(815301076,1909f56bfc062723c751e8b465ee728b)  -> (artifact id: '35a159b73f76dd571e43cf5c7728e051') in 0.018348 seconds
  Import took 0.031394 seconds .

========================================================================
Received Import Request.
  Time since last request: 0.000413 seconds.
  path: Assets/SampleSceneAssets/Textures/General/MetalBlack_MAODS.png
  artifactKey: Guid(5b9891405fd029f4c9cfec22093ed459) Importer(815301076,1909f56bfc062723c751e8b465ee728b)
Start importing Assets/SampleSceneAssets/Textures/General/MetalBlack_MAODS.png using Guid(5b9891405fd029f4c9cfec22093ed459) Importer(815301076,1909f56bfc062723c751e8b465ee728b)  -> (artifact id: 'bfcce108dc57eee21f2c440d4fe821d5') in 0.017572 seconds
  Import took 0.031104 seconds .

========================================================================
Received Import Request.
  Time since last request: 0.000458 seconds.
  path: Assets/SampleSceneAssets/Textures/General/Brass_Normal.png
  artifactKey: Guid(859b2995968925148b3bf58b641f49ad) Importer(815301076,1909f56bfc062723c751e8b465ee728b)
Start importing Assets/SampleSceneAssets/Textures/General/Brass_Normal.png using Guid(859b2995968925148b3bf58b641f49ad) Importer(815301076,1909f56bfc062723c751e8b465ee728b)  -> (artifact id: '04c97c0fb0c79ee73d843510f4008bd8') in 0.019491 seconds
  Import took 0.033106 seconds .

========================================================================
Received Import Request.
  Time since last request: 0.000354 seconds.
  path: Assets/SampleSceneAssets/Textures/General/ConcreteMatteGrey_MAODS.png
  artifactKey: Guid(4908c5801c2e45f4ba41d435be86f5fa) Importer(815301076,1909f56bfc062723c751e8b465ee728b)
Start importing Assets/SampleSceneAssets/Textures/General/ConcreteMatteGrey_MAODS.png using Guid(4908c5801c2e45f4ba41d435be86f5fa) Importer(815301076,1909f56bfc062723c751e8b465ee728b)  -> (artifact id: 'f2a83dabf0b86981fa21265cb6270855') in 0.020300 seconds
  Import took 0.034446 seconds .

========================================================================
Received Import Request.
  Time since last request: 0.000495 seconds.
  path: Assets/SampleSceneAssets/Textures/General/ConcreteHoles_Albedo.png
  artifactKey: Guid(2b99f0294fbead04c982891ea9dffe34) Importer(815301076,1909f56bfc062723c751e8b465ee728b)
Start importing Assets/SampleSceneAssets/Textures/General/ConcreteHoles_Albedo.png using Guid(2b99f0294fbead04c982891ea9dffe34) Importer(815301076,1909f56bfc062723c751e8b465ee728b)  -> (artifact id: '6c686cd30c3abd268d6e5cee9cbecf06') in 0.021789 seconds
  Import took 0.034287 seconds .

========================================================================
Received Import Request.
  Time since last request: 0.000441 seconds.
  path: Assets/SampleSceneAssets/Textures/General/Fabric_Normal.png
  artifactKey: Guid(f405b09ae172b7142abe821e0c6dad19) Importer(815301076,1909f56bfc062723c751e8b465ee728b)
Start importing Assets/SampleSceneAssets/Textures/General/Fabric_Normal.png using Guid(f405b09ae172b7142abe821e0c6dad19) Importer(815301076,1909f56bfc062723c751e8b465ee728b)  -> (artifact id: '10b33847d4e6209563de0c8f190a9f19') in 0.019383 seconds
  Import took 0.031973 seconds .

========================================================================
Received Import Request.
  Time since last request: 0.000507 seconds.
  path: Assets/SampleSceneAssets/Textures/General/Plant_C_Normal.png
  artifactKey: Guid(c3d4c8f8ff732c144b4ce7ee3f03554f) Importer(815301076,1909f56bfc062723c751e8b465ee728b)
Start importing Assets/SampleSceneAssets/Textures/General/Plant_C_Normal.png using Guid(c3d4c8f8ff732c144b4ce7ee3f03554f) Importer(815301076,1909f56bfc062723c751e8b465ee728b)  -> (artifact id: 'a69f46ec5a9cdb9dd59494d7194bfa67') in 0.019892 seconds
  Import took 0.033055 seconds .

========================================================================
Received Import Request.
  Time since last request: 0.000521 seconds.
  path: Assets/SampleSceneAssets/Textures/General/MarbleFloor_BC.png
  artifactKey: Guid(d5a3a784f37fc8348b05981ce4ff7f0f) Importer(815301076,1909f56bfc062723c751e8b465ee728b)
Start importing Assets/SampleSceneAssets/Textures/General/MarbleFloor_BC.png using Guid(d5a3a784f37fc8348b05981ce4ff7f0f) Importer(815301076,1909f56bfc062723c751e8b465ee728b)  -> (artifact id: 'a81ecf8b3259c792ffa349d39aff79fc') in 0.022523 seconds
  Import took 0.038179 seconds .

========================================================================
Received Import Request.
  Time since last request: 0.000599 seconds.
  path: Assets/SampleSceneAssets/Textures/General/Drain_MAODS.png
  artifactKey: Guid(6803a8a95b76cb44c9e5cb807d8c1612) Importer(815301076,1909f56bfc062723c751e8b465ee728b)
Start importing Assets/SampleSceneAssets/Textures/General/Drain_MAODS.png using Guid(6803a8a95b76cb44c9e5cb807d8c1612) Importer(815301076,1909f56bfc062723c751e8b465ee728b)  -> (artifact id: '6835990c9f0bb0b628ebfb91ab69c08c') in 0.020539 seconds
  Import took 0.035798 seconds .

========================================================================
Received Import Request.
  Time since last request: 0.000368 seconds.
  path: Assets/SampleSceneAssets/Textures/General/Rubber_BC.png
  artifactKey: Guid(6d9beadd74e02964c8cb5b19a3f3ea41) Importer(815301076,1909f56bfc062723c751e8b465ee728b)
Start importing Assets/SampleSceneAssets/Textures/General/Rubber_BC.png using Guid(6d9beadd74e02964c8cb5b19a3f3ea41) Importer(815301076,1909f56bfc062723c751e8b465ee728b)  -> (artifact id: '58b6e090834ef15eaa978bcbb2d950df') in 0.028473 seconds
  Import took 0.041737 seconds .

========================================================================
Received Import Request.
  Time since last request: 0.000486 seconds.
  path: Assets/SampleSceneAssets/Textures/General/DecalWear_MOADS.tga
  artifactKey: Guid(942df54ea42430e408b2ce7e74794686) Importer(815301076,1909f56bfc062723c751e8b465ee728b)
Start importing Assets/SampleSceneAssets/Textures/General/DecalWear_MOADS.tga using Guid(942df54ea42430e408b2ce7e74794686) Importer(815301076,1909f56bfc062723c751e8b465ee728b)  -> (artifact id: '13e7018f1d5e330422fccbca55984d25') in 0.018853 seconds
  Import took 0.033701 seconds .

========================================================================
Received Import Request.
  Time since last request: 0.000688 seconds.
  path: Assets/SampleSceneAssets/Textures/General/WoodLight_MAODS.png
  artifactKey: Guid(449fd0ed8fda67d468503693b3849926) Importer(815301076,1909f56bfc062723c751e8b465ee728b)
Start importing Assets/SampleSceneAssets/Textures/General/WoodLight_MAODS.png using Guid(449fd0ed8fda67d468503693b3849926) Importer(815301076,1909f56bfc062723c751e8b465ee728b)  -> (artifact id: 'c0a85c2888af2b35a349477e70fe689c') in 0.019861 seconds
  Import took 0.032480 seconds .

========================================================================
Received Import Request.
  Time since last request: 0.000319 seconds.
  path: Assets/SampleSceneAssets/Textures/General/Fern_01_MAODS.png
  artifactKey: Guid(5cc84c9d58469314e83fe0a784b51fdb) Importer(815301076,1909f56bfc062723c751e8b465ee728b)
Start importing Assets/SampleSceneAssets/Textures/General/Fern_01_MAODS.png using Guid(5cc84c9d58469314e83fe0a784b51fdb) Importer(815301076,1909f56bfc062723c751e8b465ee728b)  -> (artifact id: '0d6bd19613739c9a25ace160e927b07d') in 0.018436 seconds
  Import took 0.031280 seconds .

========================================================================
Received Import Request.
  Time since last request: 0.000383 seconds.
  path: Assets/SampleSceneAssets/Textures/General/DecalSheet_01A_MOADS.png
  artifactKey: Guid(875044e800abcbe47985126630618483) Importer(815301076,1909f56bfc062723c751e8b465ee728b)
Start importing Assets/SampleSceneAssets/Textures/General/DecalSheet_01A_MOADS.png using Guid(875044e800abcbe47985126630618483) Importer(815301076,1909f56bfc062723c751e8b465ee728b)  -> (artifact id: 'd07242f1350527cea4b0204aff1b98e0') in 0.019133 seconds
  Import took 0.033664 seconds .

========================================================================
Received Import Request.
  Time since last request: 0.000367 seconds.
  path: Assets/SampleSceneAssets/Textures/General/Fern_01_Normal.png
  artifactKey: Guid(018214c643bf18643ae9648b144fc917) Importer(815301076,1909f56bfc062723c751e8b465ee728b)
Start importing Assets/SampleSceneAssets/Textures/General/Fern_01_Normal.png using Guid(018214c643bf18643ae9648b144fc917) Importer(815301076,1909f56bfc062723c751e8b465ee728b)  -> (artifact id: '5f6400725f4bf5fa8fa94a4e7fabc6e9') in 0.019614 seconds
  Import took 0.033026 seconds .

========================================================================
Received Import Request.
  Time since last request: 0.000650 seconds.
  path: Assets/SampleSceneAssets/Textures/General/Rubber_M.png
  artifactKey: Guid(7343846adadc0074599d820ce4b23796) Importer(815301076,1909f56bfc062723c751e8b465ee728b)
Start importing Assets/SampleSceneAssets/Textures/General/Rubber_M.png using Guid(7343846adadc0074599d820ce4b23796) Importer(815301076,1909f56bfc062723c751e8b465ee728b)  -> (artifact id: '6244fcc25d42c7b3a0948881fd14f90b') in 0.016163 seconds
  Import took 0.030168 seconds .

========================================================================
Received Import Request.
  Time since last request: 0.000373 seconds.
  path: Assets/SampleSceneAssets/Textures/General/WoodLight_Albedo.png
  artifactKey: Guid(2c8323241f237fa408e40b18b68f5c1b) Importer(815301076,1909f56bfc062723c751e8b465ee728b)
Start importing Assets/SampleSceneAssets/Textures/General/WoodLight_Albedo.png using Guid(2c8323241f237fa408e40b18b68f5c1b) Importer(815301076,1909f56bfc062723c751e8b465ee728b)  -> (artifact id: 'f402a1911ad82253388245bfda323520') in 0.040393 seconds
  Import took 0.056974 seconds .

========================================================================
Received Import Request.
  Time since last request: 0.000103 seconds.
  path: Assets/SampleSceneAssets/Textures/General/WoodCounter_MAODS.png
  artifactKey: Guid(1b0247db106835147a9d26955fe0fdbb) Importer(815301076,1909f56bfc062723c751e8b465ee728b)
Start importing Assets/SampleSceneAssets/Textures/General/WoodCounter_MAODS.png using Guid(1b0247db106835147a9d26955fe0fdbb) Importer(815301076,1909f56bfc062723c751e8b465ee728b)  -> (artifact id: 'a3c25df8b442c0f05871aebbdc9493c7') in 0.021757 seconds
  Import took 0.039102 seconds .

========================================================================
Received Import Request.
  Time since last request: 0.000433 seconds.
  path: Assets/SampleSceneAssets/Textures/General/ConcreteTaupe_02_MAODS.png
  artifactKey: Guid(912a7363561061045b429752f3524335) Importer(815301076,1909f56bfc062723c751e8b465ee728b)
Start importing Assets/SampleSceneAssets/Textures/General/ConcreteTaupe_02_MAODS.png using Guid(912a7363561061045b429752f3524335) Importer(815301076,1909f56bfc062723c751e8b465ee728b)  -> (artifact id: '8a3c9e8921c8e28f248282648647cad6') in 0.042649 seconds
  Import took 0.055717 seconds .

========================================================================
Received Import Request.
  Time since last request: 0.000813 seconds.
  path: Assets/SampleSceneAssets/Textures/General/Ground_MAODS.png
  artifactKey: Guid(94d001f430af3964bb8a91bfa7e6d197) Importer(815301076,1909f56bfc062723c751e8b465ee728b)
Start importing Assets/SampleSceneAssets/Textures/General/Ground_MAODS.png using Guid(94d001f430af3964bb8a91bfa7e6d197) Importer(815301076,1909f56bfc062723c751e8b465ee728b)  -> (artifact id: '9c53691e8bd8eca98780f8d69b805078') in 0.036856 seconds
  Import took 0.056161 seconds .

========================================================================
Received Import Request.
  Time since last request: 0.002261 seconds.
  path: Assets/SampleSceneAssets/Textures/LightCookie/SpotLight_Cookie.png
  artifactKey: Guid(c3097fbf5286afe4692f9d336db11daa) Importer(815301076,1909f56bfc062723c751e8b465ee728b)
Start importing Assets/SampleSceneAssets/Textures/LightCookie/SpotLight_Cookie.png using Guid(c3097fbf5286afe4692f9d336db11daa) Importer(815301076,1909f56bfc062723c751e8b465ee728b)  -> (artifact id: '56bf67854b0297e0cb54327e091cf7cc') in 0.033865 seconds
  Import took 0.056680 seconds .

========================================================================
Received Import Request.
  Time since last request: 0.000872 seconds.
  path: Assets/SampleSceneAssets/Textures/General/MetalBlack_Albedo.png
  artifactKey: Guid(de91ca4c8b4608349819a40acac819e6) Importer(815301076,1909f56bfc062723c751e8b465ee728b)
Start importing Assets/SampleSceneAssets/Textures/General/MetalBlack_Albedo.png using Guid(de91ca4c8b4608349819a40acac819e6) Importer(815301076,1909f56bfc062723c751e8b465ee728b)  -> (artifact id: '5ce674147260f2d1a4f98df3044b706b') in 0.033420 seconds
  Import took 0.073024 seconds .

========================================================================
Received Import Request.
  Time since last request: 0.002489 seconds.
  path: Assets/SampleSceneAssets/Textures/General/ConcreteHoles_DetailMap.png
  artifactKey: Guid(e29d5dd2ec8d21644bfc76132a215c85) Importer(815301076,1909f56bfc062723c751e8b465ee728b)
Start importing Assets/SampleSceneAssets/Textures/General/ConcreteHoles_DetailMap.png using Guid(e29d5dd2ec8d21644bfc76132a215c85) Importer(815301076,1909f56bfc062723c751e8b465ee728b)  -> (artifact id: 'e5ee9a7a2c2fb9de04f7b8aa33284fbc') in 0.037855 seconds
  Import took 0.055604 seconds .

========================================================================
Received Import Request.
  Time since last request: 0.000491 seconds.
  path: Assets/SampleSceneAssets/Textures/General/SandblastMetal_Normal.png
  artifactKey: Guid(f72f5d97ed737e64fb0b173d21dd227a) Importer(815301076,1909f56bfc062723c751e8b465ee728b)
Start importing Assets/SampleSceneAssets/Textures/General/SandblastMetal_Normal.png using Guid(f72f5d97ed737e64fb0b173d21dd227a) Importer(815301076,1909f56bfc062723c751e8b465ee728b)  -> (artifact id: '9b46e0e5b92a1782a369160fe60d7c2a') in 0.028259 seconds
  Import took 0.046492 seconds .

========================================================================
Received Import Request.
  Time since last request: 0.000433 seconds.
  path: Assets/SampleSceneAssets/Textures/General/MetalBlack_Normal.png
  artifactKey: Guid(50e506fbbc39c2d4f9aa6da614c479b2) Importer(815301076,1909f56bfc062723c751e8b465ee728b)
Start importing Assets/SampleSceneAssets/Textures/General/MetalBlack_Normal.png using Guid(50e506fbbc39c2d4f9aa6da614c479b2) Importer(815301076,1909f56bfc062723c751e8b465ee728b)  -> (artifact id: '4357e9cc09ff51dd420c2025fe5599b2') in 0.025497 seconds
  Import took 0.045776 seconds .

========================================================================
Received Import Request.
  Time since last request: 0.000485 seconds.
  path: Assets/SampleSceneAssets/Textures/General/ConcreteSmooth_Normal.png
  artifactKey: Guid(5dab167b145f43a4f9498319685de109) Importer(815301076,1909f56bfc062723c751e8b465ee728b)
Start importing Assets/SampleSceneAssets/Textures/General/ConcreteSmooth_Normal.png using Guid(5dab167b145f43a4f9498319685de109) Importer(815301076,1909f56bfc062723c751e8b465ee728b)  -> (artifact id: '39279e4c5053e596eb33208c028b1a0d') in 0.028292 seconds
  Import took 0.046705 seconds .

========================================================================
Received Import Request.
  Time since last request: 0.000084 seconds.
  path: Assets/SampleSceneAssets/Textures/General/DecalPuddle_01_Albedo.png
  artifactKey: Guid(fa8928ff6cd67b74a93780ae9e05ce67) Importer(815301076,1909f56bfc062723c751e8b465ee728b)
Start importing Assets/SampleSceneAssets/Textures/General/DecalPuddle_01_Albedo.png using Guid(fa8928ff6cd67b74a93780ae9e05ce67) Importer(815301076,1909f56bfc062723c751e8b465ee728b)  -> (artifact id: '2fa8eb0e7795fb3f0df2ea028a0ce79b') in 0.039837 seconds
  Import took 0.058330 seconds .

========================================================================
Received Import Request.
  Time since last request: 0.001385 seconds.
  path: Assets/SampleSceneAssets/Textures/General/DecalWear_Normal.tga
  artifactKey: Guid(c5fd83a446ae0c042a0d7296d58e7271) Importer(815301076,1909f56bfc062723c751e8b465ee728b)
Start importing Assets/SampleSceneAssets/Textures/General/DecalWear_Normal.tga using Guid(c5fd83a446ae0c042a0d7296d58e7271) Importer(815301076,1909f56bfc062723c751e8b465ee728b)  -> (artifact id: '344c88ea456802b0ac8c40a8c06f0ff3') in 0.022132 seconds
  Import took 0.044768 seconds .

========================================================================
Received Import Request.
  Time since last request: 0.000424 seconds.
  path: Assets/SampleSceneAssets/Textures/General/Plant_C_MaskMap.png
  artifactKey: Guid(853f2087cf0a1724bbc1a78c93af4a43) Importer(815301076,1909f56bfc062723c751e8b465ee728b)
Start importing Assets/SampleSceneAssets/Textures/General/Plant_C_MaskMap.png using Guid(853f2087cf0a1724bbc1a78c93af4a43) Importer(815301076,1909f56bfc062723c751e8b465ee728b)  -> (artifact id: '19d5ceaef26ad911d99de42fb9e8fa0a') in 0.023355 seconds
  Import took 0.044256 seconds .

========================================================================
Received Import Request.
  Time since last request: 0.000359 seconds.
  path: Assets/SampleSceneAssets/Textures/General/Bush_01_BC.png
  artifactKey: Guid(a78b571da66b42a4797a35454d64a71d) Importer(815301076,1909f56bfc062723c751e8b465ee728b)
Start importing Assets/SampleSceneAssets/Textures/General/Bush_01_BC.png using Guid(a78b571da66b42a4797a35454d64a71d) Importer(815301076,1909f56bfc062723c751e8b465ee728b)  -> (artifact id: 'e78f10e5ee7650eecd149d1149d2f270') in 0.025946 seconds
  Import took 0.042984 seconds .

========================================================================
Received Import Request.
  Time since last request: 0.000480 seconds.
  path: Assets/SampleSceneAssets/Textures/General/WoodLight_DetailMap.png
  artifactKey: Guid(903a1b0a71996484683b058c393d95d5) Importer(815301076,1909f56bfc062723c751e8b465ee728b)
Start importing Assets/SampleSceneAssets/Textures/General/WoodLight_DetailMap.png using Guid(903a1b0a71996484683b058c393d95d5) Importer(815301076,1909f56bfc062723c751e8b465ee728b)  -> (artifact id: 'ddca25d38fd2e43b6992da0e3cae1b9f') in 0.020425 seconds
  Import took 0.040336 seconds .

========================================================================
Received Import Request.
  Time since last request: 0.000139 seconds.
  path: Assets/SampleSceneAssets/Textures/General/Drain_Albedo.png
  artifactKey: Guid(32b7fa2fb1f076a429544d2574b26852) Importer(815301076,1909f56bfc062723c751e8b465ee728b)
Start importing Assets/SampleSceneAssets/Textures/General/Drain_Albedo.png using Guid(32b7fa2fb1f076a429544d2574b26852) Importer(815301076,1909f56bfc062723c751e8b465ee728b)  -> (artifact id: 'b629fe80eabebd62770103e7760d2f30') in 0.025370 seconds
  Import took 0.041475 seconds .

========================================================================
Received Import Request.
  Time since last request: 0.000497 seconds.
  path: Assets/SampleSceneAssets/Textures/General/Bush_01_Normal.png
  artifactKey: Guid(f9d8b252b0a372e409bd532d908b970d) Importer(815301076,1909f56bfc062723c751e8b465ee728b)
Start importing Assets/SampleSceneAssets/Textures/General/Bush_01_Normal.png using Guid(f9d8b252b0a372e409bd532d908b970d) Importer(815301076,1909f56bfc062723c751e8b465ee728b)  -> (artifact id: '4ddf3012253c955fc02b4029e8f6bf8f') in 0.021468 seconds
  Import took 0.039528 seconds .

========================================================================
Received Import Request.
  Time since last request: 0.000404 seconds.
  path: Assets/SampleSceneAssets/Textures/General/Fern_01_Thickness.png
  artifactKey: Guid(79009d2d8f52590449a72066c327d353) Importer(815301076,1909f56bfc062723c751e8b465ee728b)
Start importing Assets/SampleSceneAssets/Textures/General/Fern_01_Thickness.png using Guid(79009d2d8f52590449a72066c327d353) Importer(815301076,1909f56bfc062723c751e8b465ee728b)  -> (artifact id: 'acca72fe3b1db222bae38ba0bf1b750f') in 0.020091 seconds
  Import took 0.034838 seconds .

========================================================================
Received Import Request.
  Time since last request: 0.000431 seconds.
  path: Assets/SampleSceneAssets/Textures/General/Rock_A_Albedo.png
  artifactKey: Guid(14a258bdd0518e741bbf5798e65c5e5a) Importer(815301076,1909f56bfc062723c751e8b465ee728b)
Start importing Assets/SampleSceneAssets/Textures/General/Rock_A_Albedo.png using Guid(14a258bdd0518e741bbf5798e65c5e5a) Importer(815301076,1909f56bfc062723c751e8b465ee728b)  -> (artifact id: '290a395b4a0d7f3bc74f588a5ded49b8') in 0.027045 seconds
  Import took 0.040393 seconds .

========================================================================
Received Import Request.
  Time since last request: 0.000387 seconds.
  path: Assets/SampleSceneAssets/Textures/General/Drain_Normal.png
  artifactKey: Guid(bef180c5d187f6442b7312284cfb67a5) Importer(815301076,1909f56bfc062723c751e8b465ee728b)
Start importing Assets/SampleSceneAssets/Textures/General/Drain_Normal.png using Guid(bef180c5d187f6442b7312284cfb67a5) Importer(815301076,1909f56bfc062723c751e8b465ee728b)  -> (artifact id: '854c584e4b686efa4ad84f1915b3fd3e') in 0.029055 seconds
  Import took 0.044906 seconds .

========================================================================
Received Import Request.
  Time since last request: 0.000478 seconds.
  path: Assets/SampleSceneAssets/Textures/General/ConcreteTaupe_02_DetailMap.png
  artifactKey: Guid(4862aa5e01ca94340941228f6ca84295) Importer(815301076,1909f56bfc062723c751e8b465ee728b)
Start importing Assets/SampleSceneAssets/Textures/General/ConcreteTaupe_02_DetailMap.png using Guid(4862aa5e01ca94340941228f6ca84295) Importer(815301076,1909f56bfc062723c751e8b465ee728b)  -> (artifact id: '7ffda473a03b6adc83ffbede08a1fafa') in 0.020470 seconds
  Import took 0.043547 seconds .

========================================================================
Received Import Request.
  Time since last request: 0.000517 seconds.
  path: Assets/SampleSceneAssets/Textures/General/Bamboo_A_Normal.png
  artifactKey: Guid(c92c870449b56f94f9a1fc7573e5f791) Importer(815301076,1909f56bfc062723c751e8b465ee728b)
Start importing Assets/SampleSceneAssets/Textures/General/Bamboo_A_Normal.png using Guid(c92c870449b56f94f9a1fc7573e5f791) Importer(815301076,1909f56bfc062723c751e8b465ee728b)  -> (artifact id: 'd97ec8ca1b0b032dc0a26a8672f9aa50') in 0.023077 seconds
  Import took 0.047804 seconds .

========================================================================
Received Import Request.
  Time since last request: 0.000438 seconds.
  path: Assets/SampleSceneAssets/Textures/VFX/Dust.png
  artifactKey: Guid(e8f538c119b363e4eadafd64ec9a697c) Importer(815301076,1909f56bfc062723c751e8b465ee728b)
Start importing Assets/SampleSceneAssets/Textures/VFX/Dust.png using Guid(e8f538c119b363e4eadafd64ec9a697c) Importer(815301076,1909f56bfc062723c751e8b465ee728b)  -> (artifact id: '3d40b620aeed20ca623cbb47a27d3bc2') in 0.025769 seconds
  Import took 0.042117 seconds .

========================================================================
Received Import Request.
  Time since last request: 0.000810 seconds.
  path: Assets/SampleSceneAssets/Textures/VFX/ButterFlies_8x1.png
  artifactKey: Guid(bd8ecf28fc2ab684fa1a57ee707e5214) Importer(815301076,1909f56bfc062723c751e8b465ee728b)
Start importing Assets/SampleSceneAssets/Textures/VFX/ButterFlies_8x1.png using Guid(bd8ecf28fc2ab684fa1a57ee707e5214) Importer(815301076,1909f56bfc062723c751e8b465ee728b)  -> (artifact id: '68f9051984b6f0be93ccfdd088c7757c') in 0.029562 seconds
  Import took 0.049555 seconds .

========================================================================
Received Import Request.
  Time since last request: 0.000444 seconds.
  path: Assets/SampleSceneAssets/Textures/VFX/BamBoo_Leaves_Albedo.png
  artifactKey: Guid(8a51867cd75a2a7438c127fd7ae830e3) Importer(815301076,1909f56bfc062723c751e8b465ee728b)
Start importing Assets/SampleSceneAssets/Textures/VFX/BamBoo_Leaves_Albedo.png using Guid(8a51867cd75a2a7438c127fd7ae830e3) Importer(815301076,1909f56bfc062723c751e8b465ee728b)  -> (artifact id: '6aefb559245c962f2bc36b7278c2d366') in 0.026579 seconds
  Import took 0.049862 seconds .

========================================================================
Received Import Request.
  Time since last request: 0.000525 seconds.
  path: Assets/SampleSceneAssets/Textures/VFX/BamBoo_Leaves_Normal.png
  artifactKey: Guid(5f32f45b35afc554ca8d0bbae0fb2f0c) Importer(815301076,1909f56bfc062723c751e8b465ee728b)
Start importing Assets/SampleSceneAssets/Textures/VFX/BamBoo_Leaves_Normal.png using Guid(5f32f45b35afc554ca8d0bbae0fb2f0c) Importer(815301076,1909f56bfc062723c751e8b465ee728b)  -> (artifact id: 'db508cb8e8c00a93a6baa8fd5ea89afc') in 0.024023 seconds
  Import took 0.042110 seconds .

========================================================================
Received Import Request.
  Time since last request: 0.000490 seconds.
  path: Assets/SampleSceneAssets/Textures/General/Ground_Albedo.png
  artifactKey: Guid(b6b099b58f8535a46ac14165d4a80a24) Importer(815301076,1909f56bfc062723c751e8b465ee728b)
Start importing Assets/SampleSceneAssets/Textures/General/Ground_Albedo.png using Guid(b6b099b58f8535a46ac14165d4a80a24) Importer(815301076,1909f56bfc062723c751e8b465ee728b)  -> (artifact id: 'c72c53ebcd5dbbad97484ee5d2ef5605') in 0.025766 seconds
  Import took 0.041458 seconds .

========================================================================
Received Import Request.
  Time since last request: 0.000580 seconds.
  path: Assets/SampleSceneAssets/Textures/General/Bamboo_A_Height.png
  artifactKey: Guid(653861b580438e1429c55953041fab8a) Importer(815301076,1909f56bfc062723c751e8b465ee728b)
Start importing Assets/SampleSceneAssets/Textures/General/Bamboo_A_Height.png using Guid(653861b580438e1429c55953041fab8a) Importer(815301076,1909f56bfc062723c751e8b465ee728b)  -> (artifact id: '5d86ba6fb015c1078f99e28603d40997') in 0.020027 seconds
  Import took 0.036599 seconds .

========================================================================
Received Import Request.
  Time since last request: 0.000688 seconds.
  path: Assets/SampleSceneAssets/Textures/General/ConcreteRough_Normal.png
  artifactKey: Guid(d27afe850f7bc4b48bdc67be58bad39f) Importer(815301076,1909f56bfc062723c751e8b465ee728b)
Start importing Assets/SampleSceneAssets/Textures/General/ConcreteRough_Normal.png using Guid(d27afe850f7bc4b48bdc67be58bad39f) Importer(815301076,1909f56bfc062723c751e8b465ee728b)  -> (artifact id: '373b882ba26b0c7ed58b18c4b08ff737') in 0.021616 seconds
  Import took 0.036730 seconds .

========================================================================
Received Import Request.
  Time since last request: 0.000680 seconds.
  path: Assets/SampleSceneAssets/Textures/General/ConcreteSmooth_Albedo.png
  artifactKey: Guid(7f40dbc8e6eb9bb479af6cfd14d6a031) Importer(815301076,1909f56bfc062723c751e8b465ee728b)
Start importing Assets/SampleSceneAssets/Textures/General/ConcreteSmooth_Albedo.png using Guid(7f40dbc8e6eb9bb479af6cfd14d6a031) Importer(815301076,1909f56bfc062723c751e8b465ee728b)  -> (artifact id: 'a9ce880f7a95ee1fc2ff6161299de8e6') in 0.016730 seconds
  Import took 0.032222 seconds .

========================================================================
Received Import Request.
  Time since last request: 0.000405 seconds.
  path: Assets/SampleSceneAssets/Textures/VFX/BamBoo_Leaves_MaskMap.png
  artifactKey: Guid(e887296ef8b8ac942a2d4c372eadca2e) Importer(815301076,1909f56bfc062723c751e8b465ee728b)
Start importing Assets/SampleSceneAssets/Textures/VFX/BamBoo_Leaves_MaskMap.png using Guid(e887296ef8b8ac942a2d4c372eadca2e) Importer(815301076,1909f56bfc062723c751e8b465ee728b)  -> (artifact id: 'd5dbf61ca423adbbb64a08290055f52b') in 0.018744 seconds
  Import took 0.033004 seconds .

========================================================================
Received Import Request.
  Time since last request: 0.000410 seconds.
  path: Assets/SampleSceneAssets/Textures/General/ConcreteRough_Albedo.png
  artifactKey: Guid(b474a739586db374ab8f3851f7c7295c) Importer(815301076,1909f56bfc062723c751e8b465ee728b)
Start importing Assets/SampleSceneAssets/Textures/General/ConcreteRough_Albedo.png using Guid(b474a739586db374ab8f3851f7c7295c) Importer(815301076,1909f56bfc062723c751e8b465ee728b)  -> (artifact id: '182105afcb3aa8176da61f2dcc5bf580') in 0.024509 seconds
  Import took 0.040856 seconds .

========================================================================
Received Import Request.
  Time since last request: 0.000528 seconds.
  path: Assets/SampleSceneAssets/Textures/General/ConcreteMatteGrey_Albedo.png
  artifactKey: Guid(218a2347bc3ab2f4a90790e60b49b388) Importer(815301076,1909f56bfc062723c751e8b465ee728b)
Start importing Assets/SampleSceneAssets/Textures/General/ConcreteMatteGrey_Albedo.png using Guid(218a2347bc3ab2f4a90790e60b49b388) Importer(815301076,1909f56bfc062723c751e8b465ee728b)  -> (artifact id: 'cbb4d0c4f503cd9c35f8b24532e21270') in 0.025475 seconds
  Import took 0.042306 seconds .

========================================================================
Received Import Request.
  Time since last request: 0.000566 seconds.
  path: Assets/SampleSceneAssets/Textures/General/ConcretePolished_DetailMap.png
  artifactKey: Guid(402efc12270e7ab4d8d599454be2cef5) Importer(815301076,1909f56bfc062723c751e8b465ee728b)
Start importing Assets/SampleSceneAssets/Textures/General/ConcretePolished_DetailMap.png using Guid(402efc12270e7ab4d8d599454be2cef5) Importer(815301076,1909f56bfc062723c751e8b465ee728b)  -> (artifact id: 'f362aed89a8b345e44b4be2ad6c61044') in 0.020526 seconds
  Import took 0.033737 seconds .

========================================================================
Received Import Request.
  Time since last request: 0.000536 seconds.
  path: Assets/SampleSceneAssets/Textures/General/Fern_01_Albedo.png
  artifactKey: Guid(6da591420c95bbe4bb43b39c060602d6) Importer(815301076,1909f56bfc062723c751e8b465ee728b)
Start importing Assets/SampleSceneAssets/Textures/General/Fern_01_Albedo.png using Guid(6da591420c95bbe4bb43b39c060602d6) Importer(815301076,1909f56bfc062723c751e8b465ee728b)  -> (artifact id: '75b17953b58e4ab857de9ede1a83dd96') in 0.038257 seconds
  Import took 0.052306 seconds .

========================================================================
Received Import Request.
  Time since last request: 0.000396 seconds.
  path: Assets/SampleSceneAssets/Textures/General/Rubber_N.png
  artifactKey: Guid(8bd4e7ade2fb9b44b9271f1a6e5056c8) Importer(815301076,1909f56bfc062723c751e8b465ee728b)
Start importing Assets/SampleSceneAssets/Textures/General/Rubber_N.png using Guid(8bd4e7ade2fb9b44b9271f1a6e5056c8) Importer(815301076,1909f56bfc062723c751e8b465ee728b)  -> (artifact id: 'c7a2b628941364aca43d5da49105cde6') in 0.021489 seconds
  Import took 0.037905 seconds .

========================================================================
Received Import Request.
  Time since last request: 0.000376 seconds.
  path: Assets/SampleSceneAssets/Textures/General/Plant_C_Albedo.png
  artifactKey: Guid(79d61a9b8b8d95449a0a38b3172b0681) Importer(815301076,1909f56bfc062723c751e8b465ee728b)
Start importing Assets/SampleSceneAssets/Textures/General/Plant_C_Albedo.png using Guid(79d61a9b8b8d95449a0a38b3172b0681) Importer(815301076,1909f56bfc062723c751e8b465ee728b)  -> (artifact id: '249beaca644211c21ba4a1ff43523757') in 0.021378 seconds
  Import took 0.035141 seconds .

========================================================================
Received Import Request.
  Time since last request: 0.000353 seconds.
  path: Assets/SampleSceneAssets/Textures/General/Fabric_Albedo.png
  artifactKey: Guid(4979da18f5375524bbe219a2fc4f1900) Importer(815301076,1909f56bfc062723c751e8b465ee728b)
Start importing Assets/SampleSceneAssets/Textures/General/Fabric_Albedo.png using Guid(4979da18f5375524bbe219a2fc4f1900) Importer(815301076,1909f56bfc062723c751e8b465ee728b)  -> (artifact id: '730191adb340ae5a71588077c9793adf') in 0.020748 seconds
  Import took 0.034824 seconds .

========================================================================
Received Import Request.
  Time since last request: 0.000432 seconds.
  path: Assets/SampleSceneAssets/Textures/General/ConcreteHoles_Normal.png
  artifactKey: Guid(87d1598cf2939b74e8ddb3a1064828cb) Importer(815301076,1909f56bfc062723c751e8b465ee728b)
Start importing Assets/SampleSceneAssets/Textures/General/ConcreteHoles_Normal.png using Guid(87d1598cf2939b74e8ddb3a1064828cb) Importer(815301076,1909f56bfc062723c751e8b465ee728b)  -> (artifact id: '5c539f5ab3e7d6f92dfa1d0b67b4a9c4') in 0.022016 seconds
  Import took 0.036917 seconds .

========================================================================
Received Import Request.
  Time since last request: 0.000152 seconds.
  path: Assets/SampleSceneAssets/Textures/General/Bamboo_A_Thickness.png
  artifactKey: Guid(f6e15ec362c60e74cb03d3353528f79c) Importer(815301076,1909f56bfc062723c751e8b465ee728b)
Start importing Assets/SampleSceneAssets/Textures/General/Bamboo_A_Thickness.png using Guid(f6e15ec362c60e74cb03d3353528f79c) Importer(815301076,1909f56bfc062723c751e8b465ee728b)  -> (artifact id: '34435c3c808a8058dd72f2066928bc29') in 0.027419 seconds
  Import took 0.045399 seconds .

========================================================================
Received Import Request.
  Time since last request: 0.000598 seconds.
  path: Assets/SampleSceneAssets/Textures/General/ConcretePolished_Normal.png
  artifactKey: Guid(69f99c17a37103a489498dd2bfeb0e32) Importer(815301076,1909f56bfc062723c751e8b465ee728b)
Start importing Assets/SampleSceneAssets/Textures/General/ConcretePolished_Normal.png using Guid(69f99c17a37103a489498dd2bfeb0e32) Importer(815301076,1909f56bfc062723c751e8b465ee728b)  -> (artifact id: 'b157ed5c1650721a326ee4af7797f0ae') in 0.025537 seconds
  Import took 0.041970 seconds .

========================================================================
Received Import Request.
  Time since last request: 0.000424 seconds.
  path: Assets/SampleSceneAssets/Textures/General/ConcreteMatteGrey_Normal.png
  artifactKey: Guid(220d1c644e262794d9fff5f4c5543142) Importer(815301076,1909f56bfc062723c751e8b465ee728b)
Start importing Assets/SampleSceneAssets/Textures/General/ConcreteMatteGrey_Normal.png using Guid(220d1c644e262794d9fff5f4c5543142) Importer(815301076,1909f56bfc062723c751e8b465ee728b)  -> (artifact id: '1e9367de9e581e01b879a31f994a2d9e') in 0.021237 seconds
  Import took 0.036443 seconds .

========================================================================
Received Import Request.
  Time since last request: 0.000127 seconds.
  path: Assets/SampleSceneAssets/Textures/General/Bush_01_MAODS.png
  artifactKey: Guid(5618ce3251344d743a4f94e92a46e6b5) Importer(815301076,1909f56bfc062723c751e8b465ee728b)
Start importing Assets/SampleSceneAssets/Textures/General/Bush_01_MAODS.png using Guid(5618ce3251344d743a4f94e92a46e6b5) Importer(815301076,1909f56bfc062723c751e8b465ee728b)  -> (artifact id: '8c40baaffd2e868c039a23bbc99d7206') in 0.018089 seconds
  Import took 0.031881 seconds .

========================================================================
Received Import Request.
  Time since last request: 0.000495 seconds.
  path: Assets/SampleSceneAssets/Textures/General/Rock_A_Normal.png
  artifactKey: Guid(060f44f7b9fa42e4aa07ac67c8c94b34) Importer(815301076,1909f56bfc062723c751e8b465ee728b)
Start importing Assets/SampleSceneAssets/Textures/General/Rock_A_Normal.png using Guid(060f44f7b9fa42e4aa07ac67c8c94b34) Importer(815301076,1909f56bfc062723c751e8b465ee728b)  -> (artifact id: '9ca13dea37efa1656a8169eb28741a3d') in 0.021561 seconds
  Import took 0.034231 seconds .

========================================================================
Received Import Request.
  Time since last request: 0.003461 seconds.
  path: Assets/SampleSceneAssets/Textures/General/Rock_A_Normal.png
  artifactKey: Guid(060f44f7b9fa42e4aa07ac67c8c94b34) Importer(815301076,1909f56bfc062723c751e8b465ee728b)
Start importing Assets/SampleSceneAssets/Textures/General/Rock_A_Normal.png using Guid(060f44f7b9fa42e4aa07ac67c8c94b34) Importer(815301076,1909f56bfc062723c751e8b465ee728b)  -> (artifact id: '9ca13dea37efa1656a8169eb28741a3d') in 0.025228 seconds
  Import took 0.045256 seconds .

========================================================================
Received Import Request.
  Time since last request: 6.684420 seconds.
  path: Assets/Scenes/SampleScene/LightingData.asset
  artifactKey: Guid(c9672d4b9a662004a9bf0d3f330e6b36) Importer(815301076,1909f56bfc062723c751e8b465ee728b)
Start importing Assets/Scenes/SampleScene/LightingData.asset using Guid(c9672d4b9a662004a9bf0d3f330e6b36) Importer(815301076,1909f56bfc062723c751e8b465ee728b)  -> (artifact id: '9399568778961c8c0d377531df1a0318') in 0.010657 seconds
  Import took 0.028166 seconds .

========================================================================
Received Import Request.
  Time since last request: 0.000542 seconds.
  path: Assets/Scenes/SampleScene/ReflectionProbe-0.exr
  artifactKey: Guid(db58c93c38fdd1c4cb45888d582f7a18) Importer(815301076,1909f56bfc062723c751e8b465ee728b)
Start importing Assets/Scenes/SampleScene/ReflectionProbe-0.exr using Guid(db58c93c38fdd1c4cb45888d582f7a18) Importer(815301076,1909f56bfc062723c751e8b465ee728b)  -> (artifact id: '9f3eb186922d2fc0a7554c333bfbc455') in 0.042000 seconds
  Import took 0.059029 seconds .

========================================================================
Received Prepare
Registering precompiled user dll's ...
Registered in 0.003202 seconds.
Begin MonoManager ReloadAssembly
Native extension for WindowsStandalone target not found
Refreshing native plugins compatible for Editor in 1.81 ms, found 0 plugins.
Preloading 0 native plugins for Editor in 0.00 ms.
Mono: successfully reloaded assembly
- Completed reload, in  1.809 seconds
Platform modules already initialized, skipping
Refreshing native plugins compatible for Editor in 2.46 ms, found 0 plugins.
Preloading 0 native plugins for Editor in 0.00 ms.
Unloading 3212 Unused Serialized files (Serialized files now loaded: 0)
System memory in use before: 168.0 MB.
System memory in use after: 168.2 MB.

Unloading 7 unused Assets to reduce memory usage. Loaded Objects now: 4130.
Total: 8.404700 ms (FindLiveObjects: 2.088000 ms CreateObjectMapping: 0.658600 ms MarkObjects: 5.540600 ms  DeleteObjects: 0.113500 ms)

========================================================================
Received Prepare
Registering precompiled user dll's ...
Registered in 0.005876 seconds.
Begin MonoManager ReloadAssembly
Native extension for WindowsStandalone target not found
Refreshing native plugins compatible for Editor in 7.02 ms, found 0 plugins.
Preloading 0 native plugins for Editor in 0.00 ms.
Mono: successfully reloaded assembly
- Completed reload, in  6.061 seconds
Platform modules already initialized, skipping
Refreshing native plugins compatible for Editor in 2.21 ms, found 0 plugins.
Preloading 0 native plugins for Editor in 0.00 ms.
Unloading 3212 Unused Serialized files (Serialized files now loaded: 0)
System memory in use before: 168.0 MB.
System memory in use after: 168.3 MB.

Unloading 7 unused Assets to reduce memory usage. Loaded Objects now: 4133.
Total: 50.790600 ms (FindLiveObjects: 9.838800 ms CreateObjectMapping: 1.401100 ms MarkObjects: 39.270300 ms  DeleteObjects: 0.275400 ms)

========================================================================
Received Import Request.
  Time since last request: 423.829067 seconds.
  path: Assets/SampleSceneAssets/Textures/DensityVolumeTextures
  artifactKey: Guid(8ff21f12be2e45b459ffdf6c81a53a81) Importer(815301076,1909f56bfc062723c751e8b465ee728b)
Start importing Assets/SampleSceneAssets/Textures/DensityVolumeTextures using Guid(8ff21f12be2e45b459ffdf6c81a53a81) Importer(815301076,1909f56bfc062723c751e8b465ee728b)  -> (artifact id: '8c3774b9d0ba26cbbd2f31b39a2f4253') in 0.023161 seconds
  Import took 0.038353 seconds .

========================================================================
Received Prepare
Registering precompiled user dll's ...
Registered in 0.009861 seconds.
Begin MonoManager ReloadAssembly
Native extension for WindowsStandalone target not found
Refreshing native plugins compatible for Editor in 2.46 ms, found 0 plugins.
Preloading 0 native plugins for Editor in 0.00 ms.
Mono: successfully reloaded assembly
- Completed reload, in  2.842 seconds
Platform modules already initialized, skipping
Refreshing native plugins compatible for Editor in 1.25 ms, found 0 plugins.
Preloading 0 native plugins for Editor in 0.00 ms.
Unloading 3212 Unused Serialized files (Serialized files now loaded: 0)
System memory in use before: 168.1 MB.
System memory in use after: 168.3 MB.

Unloading 7 unused Assets to reduce memory usage. Loaded Objects now: 4136.
Total: 8.654000 ms (FindLiveObjects: 1.355200 ms CreateObjectMapping: 0.690100 ms MarkObjects: 6.478600 ms  DeleteObjects: 0.126000 ms)

========================================================================
Received Import Request.
  Time since last request: 22.052454 seconds.
  path: Assets/Scenes/SampleScene/LightingSettings1Draft.lighting
  artifactKey: Guid(99a1b6b1cc6496a4cbb85d98c3ab8ef9) Importer(815301076,1909f56bfc062723c751e8b465ee728b)
Start importing Assets/Scenes/SampleScene/LightingSettings1Draft.lighting using Guid(99a1b6b1cc6496a4cbb85d98c3ab8ef9) Importer(815301076,1909f56bfc062723c751e8b465ee728b) LightingSettings: switching bake backend from 1 to 2.
 -> (artifact id: 'fadd9dc3d62dd5d4610f7a3067246aad') in 0.036852 seconds
  Import took 0.051635 seconds .

========================================================================
Received Import Request.
  Time since last request: 18.924483 seconds.
  path: Assets/Texture Debugger/TextureDebugger.shader
  artifactKey: Guid(9c91467b1a20a0a489e0da71a796916c) Importer(815301076,1909f56bfc062723c751e8b465ee728b)
Start importing Assets/Texture Debugger/TextureDebugger.shader using Guid(9c91467b1a20a0a489e0da71a796916c) Importer(815301076,1909f56bfc062723c751e8b465ee728b)  -> (artifact id: 'a51db95378269fcf1dbb89515805598a') in 0.010265 seconds
  Import took 0.021969 seconds .

========================================================================
Received Import Request.
  Time since last request: 0.119354 seconds.
  path: Assets/Texture Debugger/TextureDebugger.shader
  artifactKey: Guid(9c91467b1a20a0a489e0da71a796916c) Importer(815301076,1909f56bfc062723c751e8b465ee728b)
Start importing Assets/Texture Debugger/TextureDebugger.shader using Guid(9c91467b1a20a0a489e0da71a796916c) Importer(815301076,1909f56bfc062723c751e8b465ee728b)  -> (artifact id: 'a51db95378269fcf1dbb89515805598a') in 0.005071 seconds
  Import took 0.014475 seconds .

========================================================================
Received Import Request.
  Time since last request: 0.337042 seconds.
  path: Assets/Texture Debugger/TextureDebugger.cs
  artifactKey: Guid(4d408788de929b5478291950f0607c93) Importer(815301076,1909f56bfc062723c751e8b465ee728b)
Start importing Assets/Texture Debugger/TextureDebugger.cs using Guid(4d408788de929b5478291950f0607c93) Importer(815301076,1909f56bfc062723c751e8b465ee728b)  -> (artifact id: '0a46be9234fa1c9df6178c7606a14052') in 0.012071 seconds
  Import took 0.030061 seconds .

========================================================================
Received Prepare
Registering precompiled user dll's ...
Registered in 0.003553 seconds.
Begin MonoManager ReloadAssembly
Native extension for WindowsStandalone target not found
Refreshing native plugins compatible for Editor in 1.83 ms, found 0 plugins.
Preloading 0 native plugins for Editor in 0.00 ms.
Mono: successfully reloaded assembly
- Completed reload, in  1.636 seconds
Platform modules already initialized, skipping
Refreshing native plugins compatible for Editor in 1.80 ms, found 0 plugins.
Preloading 0 native plugins for Editor in 0.00 ms.
Unloading 3212 Unused Serialized files (Serialized files now loaded: 0)
System memory in use before: 168.1 MB.
System memory in use after: 168.3 MB.

Unloading 7 unused Assets to reduce memory usage. Loaded Objects now: 4139.
Total: 8.677400 ms (FindLiveObjects: 1.147900 ms CreateObjectMapping: 0.579500 ms MarkObjects: 6.799600 ms  DeleteObjects: 0.146200 ms)

AssetImportWorkerClient::OnTransportError - code=2 error=End of file
